<?xml version="1.0" encoding="UTF-8"?>
<coverage generated="1600640079813" clover="3.2.0">
  <project timestamp="1600640079813" name="All files">
    <metrics statements="20" coveredstatements="20" conditionals="8" coveredconditionals="6" methods="7" coveredmethods="7" elements="35" coveredelements="33" complexity="0" loc="20" ncloc="20" packages="1" files="2" classes="2"/>
    <file name="item.js" path="C:\Users\gabba\Desktop\shopping-list\api\item.js">
      <metrics statements="7" coveredstatements="7" conditionals="2" coveredconditionals="2" methods="1" coveredmethods="1"/>
      <line num="1" count="1" type="stmt"/>
      <line num="6" count="2" type="cond" truecount="2" falsecount="0"/>
      <line num="7" count="1" type="stmt"/>
      <line num="9" count="1" type="stmt"/>
      <line num="10" count="1" type="stmt"/>
      <line num="11" count="1" type="stmt"/>
      <line num="16" count="1" type="stmt"/>
    </file>
    <file name="shoppingList.js" path="C:\Users\gabba\Desktop\shopping-list\api\shoppingList.js">
      <metrics statements="13" coveredstatements="13" conditionals="6" coveredconditionals="4" methods="6" coveredmethods="6"/>
      <line num="5" count="1" type="stmt"/>
      <line num="9" count="1" type="stmt"/>
      <line num="14" count="1" type="stmt"/>
      <line num="15" count="1" type="cond" truecount="1" falsecount="1"/>
      <line num="16" count="1" type="stmt"/>
      <line num="21" count="2" type="stmt"/>
      <line num="25" count="2" type="cond" truecount="2" falsecount="0"/>
      <line num="26" count="1" type="stmt"/>
      <line num="29" count="1" type="stmt"/>
      <line num="33" count="1" type="stmt"/>
      <line num="34" count="1" type="cond" truecount="1" falsecount="1"/>
      <line num="35" count="1" type="stmt"/>
      <line num="46" count="1" type="stmt"/>
    </file>
  </project>
</coverage>
