TN:
SF:item.js
FN:5,(anonymous_0)
FNF:1
FNH:1
FNDA:2,(anonymous_0)
DA:1,1
DA:6,2
DA:7,1
DA:9,1
DA:10,1
DA:11,1
DA:16,1
LF:7
LH:7
BRDA:6,0,0,1
BRDA:6,0,1,1
BRF:2
BRH:2
end_of_record
TN:
SF:shoppingList.js
FN:4,(anonymous_0)
FN:8,(anonymous_1)
FN:13,(anonymous_2)
FN:20,(anonymous_3)
FN:24,(anonymous_4)
FN:32,(anonymous_5)
FNF:6
FNH:6
FNDA:1,(anonymous_0)
FNDA:1,(anonymous_1)
FNDA:1,(anonymous_2)
FNDA:2,(anonymous_3)
FNDA:2,(anonymous_4)
FNDA:1,(anonymous_5)
DA:5,1
DA:9,1
DA:14,1
DA:15,1
DA:16,1
DA:21,2
DA:25,2
DA:26,1
DA:29,1
DA:33,1
DA:34,1
DA:35,1
DA:46,1
LF:13
LH:13
BRDA:15,0,0,1
BRDA:15,0,1,0
BRDA:25,1,0,1
BRDA:25,1,1,1
BRDA:34,2,0,1
BRDA:34,2,1,0
BRF:6
BRH:4
end_of_record
